18:10:14.230 INFO  ServiceLayer - The logout process failed - the yubal isn't exists on the system. 
18:10:14.239 INFO  User - logout - The user yuval tried to disconnect but was not connected in the first place. 
18:10:14.242 INFO  User - logout - The user yuval tried to disconnect but was not connected in the first place. 
18:10:14.242 INFO  User - logout - The user yuval tried to disconnect but was not connected in the first place. 
18:10:14.244 INFO  ServiceLayer - The logout process failed - the yubal isn't exists on the system. 
18:10:15.101 INFO  User - login - Incorrect user name(yubal) or password (123456)  
18:10:15.102 INFO  User - login - Incorrect user name(yuval) or password (wrongPassword)  
18:10:15.102 INFO  User - login - The yuval already connected 
18:10:15.111 INFO  User - login - Incorrect user name(yubal) or password (123456)  
18:10:15.111 INFO  User - login - Incorrect user name(yuval) or password (wrongPassword)  
18:10:15.112 INFO  User - login - The yuval already connected 
18:10:15.113 INFO  ServiceLayer - The login process failed - the yubal isn't exists on the system. 
18:10:15.117 INFO  ServiceLayer - The login process failed - the yubal isn't exists on the system. 
18:10:16.541 INFO  ServiceLayer - editEmployee - The addNewEmployee process failed - the -1 not exists on the system. 
18:10:16.555 INFO  ServiceLayer - editEmployee - The addNewEmployee process failed - the -1 not exists on the system. 
18:10:16.562 INFO  EmployeeManagemnt- editEmployee - The -1 already exist 
18:10:17.594 INFO  EmployeeManagemnt- deleteEmployee - The -1 does not exist 
18:10:17.606 INFO  ServiceLayer - deleteEmployee - The deleteEmployee process failed - the dummy not exists on the system. 
18:10:17.606 INFO  ServiceLayer - The deleteEmployee process failed - the dummy , who initiated the operation, does not exist in the system 
18:10:17.609 INFO  ServiceLayer - deleteEmployee - The deleteEmployee process failed - the dummy not exists on the system. 
18:10:17.609 INFO  ServiceLayer - The deleteEmployee process failed - the dummy , who initiated the operation, does not exist in the system 
18:10:18.750 INFO  ServiceLayer - The addNewEmployee process failed - the dummy , who initiated the operation, does not exist in the system 
18:10:18.752 INFO  ServiceLayer - The addNewEmployee process failed - the userUserName exists on the system. 
18:10:18.763 INFO  EmployeeManagemnt- addNewEmployee - The adminUserName already exist 
18:11:30.602 INFO  CinemaSystem - addMovie - The operation cannot be completed - the user is not connected to the system 
18:11:30.603 INFO  CinemaSystem - addMovie - The operation cannot be completed - the user is not connected to the system 
18:11:30.603 INFO  CinemaSystem - addMovie - User does not have proper permissions 
18:11:30.603 INFO  CinemaSystem - editMovie - The operation cannot be completed - the user is not connected to the system 
18:11:30.603 INFO  CinemaSystem - editMovie - The operation cannot be completed - the user is not connected to the system 
18:11:30.603 INFO  CinemaSystem - editMovie - User does not have proper permissions 
18:11:30.604 INFO  CinemaSystem - removeMovie - The operation cannot be completed - the user is not connected to the system 
18:11:30.604 INFO  CinemaSystem - removeMovie - The operation cannot be completed - the user is not connected to the system 
18:11:30.604 INFO  CinemaSystem - removeMovie - User does not have proper permissions 
18:11:35.114 INFO  EmployeeManagemnt- addNewEmployee - The adminUserName already exist 
18:11:35.120 INFO  CinemaSystem - addNewEmployee - The operation cannot be completed - the user is not connected to the system 
18:11:35.125 INFO  ServiceLayer - The addNewEmployee process failed - the dummy , who initiated the operation, does not exist in the system 
18:11:35.125 INFO  ServiceLayer - The addNewEmployee process failed - the userUserName exists on the system. 
18:11:35.129 INFO  CinemaSystem - addNewEmployee - The operation cannot be completed - the user is not connected to the system 
18:11:52.636 INFO  CinemaSystem - addNewEmployee - The operation cannot be completed - the user is not connected to the system 
18:13:21.910 INFO  CinemaSystem - addNewEmployee - The operation cannot be completed - the user is not connected to the system 
18:13:21.918 INFO  ServiceLayer - The addNewEmployee process failed - the dummy , who initiated the operation, does not exist in the system 
18:13:21.918 INFO  ServiceLayer - The addNewEmployee process failed - the userUserName exists on the system. 
18:13:21.921 INFO  CinemaSystem - addNewEmployee - The operation cannot be completed - the user is not connected to the system 
18:13:21.922 INFO  EmployeeManagemnt- addNewEmployee - The adminUserName already exist 
18:13:21.923 INFO  CinemaSystem - register - The following data provided is invalid: Permission  
18:13:21.923 INFO  ServiceLayer - The addNewEmployee process failed - the dummy , who initiated the operation, does not exist in the system 
18:13:21.924 INFO  ServiceLayer - The addNewEmployee process failed - the userUserName exists on the system. 
18:13:25.477 INFO  CinemaSystem - deleteEmployee - A user cannot erase himself 
18:13:25.478 INFO  CinemaSystem - deleteEmployee - User does not have proper permissions 
18:13:25.484 INFO  EmployeeManagemnt- deleteEmployee - The -1 does not exist 
18:13:25.485 INFO  CinemaSystem - deleteEmployee - A user cannot erase himself 
18:13:25.485 INFO  CinemaSystem - deleteEmployee - User does not have proper permissions 
18:13:25.488 INFO  ServiceLayer - deleteEmployee - The deleteEmployee process failed - the dummy not exists on the system. 
18:13:25.488 INFO  ServiceLayer - The deleteEmployee process failed - the dummy , who initiated the operation, does not exist in the system 
18:13:25.489 INFO  ServiceLayer - deleteEmployee - The deleteEmployee process failed - the dummy not exists on the system. 
18:13:25.489 INFO  ServiceLayer - The deleteEmployee process failed - the dummy , who initiated the operation, does not exist in the system 
18:13:27.360 INFO  ServiceLayer - editEmployee - The addNewEmployee process failed - the -1 not exists on the system. 
18:13:27.367 INFO  ServiceLayer - editEmployee - The addNewEmployee process failed - the -1 not exists on the system. 
18:13:27.368 INFO  CinemaSystem - editEmployee - The operation cannot be completed - the user is not connected to the system 
18:13:27.371 INFO  CinemaSystem - editEmployee - The operation cannot be completed - the user is not connected to the system 
18:13:27.372 INFO  EmployeeManagemnt- editEmployee - The -1 already exist 
18:13:29.178 INFO  CinemaSystem - editMovie - The operation cannot be completed - the user is not connected to the system 
18:13:29.179 INFO  CinemaSystem - editMovie - The operation cannot be completed - the user is not connected to the system 
18:13:29.179 INFO  CinemaSystem - editMovie - User does not have proper permissions 
18:13:29.189 INFO  CinemaSystem - addMovie - The operation cannot be completed - the user is not connected to the system 
18:13:29.189 INFO  CinemaSystem - addMovie - The operation cannot be completed - the user is not connected to the system 
18:13:29.189 INFO  CinemaSystem - addMovie - User does not have proper permissions 
18:13:29.191 INFO  CinemaSystem - removeMovie - The operation cannot be completed - the user is not connected to the system 
18:13:29.191 INFO  CinemaSystem - removeMovie - The operation cannot be completed - the user is not connected to the system 
18:13:29.191 INFO  CinemaSystem - removeMovie - User does not have proper permissions 
18:13:29.196 INFO  CinemaSystem - addMovie - The operation cannot be completed - the user is not connected to the system 
18:13:29.196 INFO  CinemaSystem - addMovie - The operation cannot be completed - the user is not connected to the system 
18:13:29.196 INFO  CinemaSystem - addMovie - User does not have proper permissions 
18:13:29.196 INFO  CinemaSystem - editMovie - The operation cannot be completed - the user is not connected to the system 
18:13:29.197 INFO  CinemaSystem - editMovie - The operation cannot be completed - the user is not connected to the system 
18:13:29.197 INFO  CinemaSystem - editMovie - User does not have proper permissions 
18:13:29.197 INFO  CinemaSystem - removeMovie - The operation cannot be completed - the user is not connected to the system 
18:13:29.197 INFO  CinemaSystem - removeMovie - The operation cannot be completed - the user is not connected to the system 
18:13:29.197 INFO  CinemaSystem - removeMovie - User does not have proper permissions 
18:13:31.922 INFO  CinemaSystem - register - The following data provided is invalid: Permission  
18:13:31.922 INFO  CinemaSystem - register - The following data provided is invalid: Permission  
18:13:31.922 INFO  CinemaSystem - register - The following data provided is invalid: Permission  
18:13:31.927 INFO  ServiceLayer - The registration process failed - the yuval exists on the system. 
18:13:36.437 INFO  CinemaSystem - undefined - The operation cannot be completed - the user is not connected to the system 
18:13:36.437 INFO  CinemaSystem - undefined - The operation cannot be completed - the user is not connected to the system 
18:13:36.437 INFO  CinemaSystem - undefined - User does not have proper permissions 
18:13:36.437 INFO  CinemaSystem - undefined - The operation cannot be completed - the user is not connected to the system 
18:13:36.437 INFO  CinemaSystem - undefined - The operation cannot be completed - the user is not connected to the system 
18:13:36.437 INFO  CinemaSystem - undefined - User does not have proper permissions 
18:13:36.437 INFO  CinemaSystem - undefined - The operation cannot be completed - the user is not connected to the system 
18:13:36.437 INFO  CinemaSystem - undefined - The operation cannot be completed - the user is not connected to the system 
18:13:36.437 INFO  CinemaSystem - undefined - User does not have proper permissions 
18:13:36.446 INFO  CinemaSystem - undefined - The operation cannot be completed - the user is not connected to the system 
18:13:36.446 INFO  CinemaSystem - undefined - The operation cannot be completed - the user is not connected to the system 
18:13:36.446 INFO  CinemaSystem - undefined - User does not have proper permissions 
18:13:36.448 INFO  CinemaSystem - undefined - The operation cannot be completed - the user is not connected to the system 
18:13:36.448 INFO  CinemaSystem - undefined - The operation cannot be completed - the user is not connected to the system 
18:13:36.448 INFO  CinemaSystem - undefined - User does not have proper permissions 
18:13:36.451 INFO  CinemaSystem - undefined - The operation cannot be completed - the user is not connected to the system 
18:13:36.451 INFO  CinemaSystem - undefined - The operation cannot be completed - the user is not connected to the system 
18:13:36.451 INFO  CinemaSystem - undefined - User does not have proper permissions 
18:13:46.248 INFO  CinemaSystem - undefined - The operation cannot be completed - the user is not connected to the system 
18:13:46.248 INFO  CinemaSystem - undefined - The operation cannot be completed - the user is not connected to the system 
18:13:46.248 INFO  CinemaSystem - undefined - User does not have proper permissions 
18:13:46.249 INFO  CinemaSystem - undefined - The operation cannot be completed - the user is not connected to the system 
18:13:46.249 INFO  CinemaSystem - undefined - The operation cannot be completed - the user is not connected to the system 
18:13:46.249 INFO  CinemaSystem - undefined - User does not have proper permissions 
18:13:47.116 INFO  CinemaSystem - undefined - The operation cannot be completed - the user is not connected to the system 
18:13:47.117 INFO  CinemaSystem - undefined - The operation cannot be completed - the user is not connected to the system 
18:13:47.117 INFO  CinemaSystem - undefined - User does not have proper permissions 
18:13:47.118 INFO  CinemaSystem - undefined - The operation cannot be completed - the user is not connected to the system 
18:13:47.118 INFO  CinemaSystem - undefined - The operation cannot be completed - the user is not connected to the system 
18:13:47.118 INFO  CinemaSystem - undefined - User does not have proper permissions 
18:13:52.304 INFO  CinemaSystem - undefined - The operation cannot be completed - the user is not connected to the system 
18:13:52.304 INFO  CinemaSystem - undefined - The operation cannot be completed - the user is not connected to the system 
18:13:52.304 INFO  CinemaSystem - undefined - User does not have proper permissions 
18:14:05.237 INFO  CinemaSystem - undefined - The operation cannot be completed - the user is not connected to the system 
18:14:05.237 INFO  CinemaSystem - undefined - The operation cannot be completed - the user is not connected to the system 
18:14:05.237 INFO  CinemaSystem - undefined - User does not have proper permissions 
13:32:17.549 INFO  User - logout - The user admin tried to disconnect but was not connected in the first place. 
14:20:08.918 INFO  User - logout - The user admin tried to disconnect but was not connected in the first place. 
18:46:35.762 INFO  User - logout - The user admin tried to disconnect but was not connected in the first place. 
19:20:43.139 INFO  User - logout - The user admin tried to disconnect but was not connected in the first place. 
19:20:51.697 INFO  CinemaSystem - undefined - User does not have proper permissions 
19:24:37.865 INFO  CinemaSystem - undefined - The operation cannot be completed - the user is not connected to the system 
19:24:45.054 INFO  CinemaSystem - undefined - The operation cannot be completed - the user is not connected to the system 
19:31:41.068 INFO  User - logout - The user admin tried to disconnect but was not connected in the first place. 
19:33:43.243 INFO  CinemaSystem - undefined - User does not have proper permissions 
19:33:44.302 INFO  CinemaSystem - undefined - User does not have proper permissions 
19:33:44.715 INFO  CinemaSystem - undefined - User does not have proper permissions 
19:33:44.884 INFO  CinemaSystem - undefined - User does not have proper permissions 
19:33:45.053 INFO  CinemaSystem - undefined - User does not have proper permissions 
19:33:49.191 INFO  CinemaSystem - undefined - User does not have proper permissions 
19:43:34.670 INFO  CinemaSystem - undefined - User does not have proper permissions 
19:43:35.267 INFO  CinemaSystem - undefined - User does not have proper permissions 
19:43:35.436 INFO  CinemaSystem - undefined - User does not have proper permissions 
19:43:35.604 INFO  CinemaSystem - undefined - User does not have proper permissions 
19:43:35.782 INFO  CinemaSystem - undefined - User does not have proper permissions 
19:48:01.998 INFO  CinemaSystem - undefined - User does not have proper permissions 
21:52:18.279 INFO  User - login - Incorrect user name(yubal) or password (123456)  
21:52:18.279 INFO  User - login - Incorrect user name(yuval) or password (wrongPassword)  
21:52:18.279 INFO  User - login - The yuval already connected 
21:52:18.309 INFO  User - login - Incorrect user name(yubal) or password (123456)  
21:52:18.309 INFO  User - login - Incorrect user name(yuval) or password (wrongPassword)  
21:52:18.309 INFO  User - login - The yuval already connected 
21:52:18.356 INFO  ServiceLayer - The login process failed - the yubal isn't exists on the system. 
21:52:18.403 INFO  ServiceLayer - The login process failed - the yubal isn't exists on the system. 
21:52:18.489 INFO  ServiceLayer - editEmployee - The addNewEmployee process failed - the -1 not exists on the system. 
21:52:18.537 INFO  CinemaSystem - editEmployee - The operation cannot be completed - the user is not connected to the system 
21:52:18.565 INFO  ServiceLayer - editEmployee - The addNewEmployee process failed - the -1 not exists on the system. 
21:52:18.615 INFO  EmployeeManagemnt- editEmployee - The -1 already exist 
21:52:18.686 INFO  CinemaSystem - editEmployee - The operation cannot be completed - the user is not connected to the system 
22:10:50.637 INFO  CinemaSystem - addNewSupplier - The operation cannot be completed - the user is not connected to the system 
22:10:50.641 INFO  CinemaSystem - addNewSupplier - The operation cannot be completed - the user is not connected to the system 
22:10:50.641 INFO  CinemaSystem - addNewSupplier - User does not have proper permissions 
22:10:50.641 INFO  CinemaSystem - editSupplier - The operation cannot be completed - the user is not connected to the system 
22:10:50.641 INFO  CinemaSystem - editSupplier - The operation cannot be completed - the user is not connected to the system 
22:10:50.644 INFO  CinemaSystem - editSupplier - User does not have proper permissions 
22:10:50.644 INFO  CinemaSystem - removeSupplier - The operation cannot be completed - the user is not connected to the system 
22:10:50.644 INFO  CinemaSystem - removeSupplier - The operation cannot be completed - the user is not connected to the system 
22:10:50.644 INFO  CinemaSystem - removeSupplier - User does not have proper permissions 
22:10:50.653 INFO  CinemaSystem - addNewSupplier - The operation cannot be completed - the user is not connected to the system 
22:10:50.654 INFO  CinemaSystem - addNewSupplier - The operation cannot be completed - the user is not connected to the system 
22:10:50.654 INFO  CinemaSystem - addNewSupplier - User does not have proper permissions 
22:10:50.655 INFO  CinemaSystem - editSupplier - The operation cannot be completed - the user is not connected to the system 
22:10:50.655 INFO  CinemaSystem - editSupplier - The operation cannot be completed - the user is not connected to the system 
22:10:50.655 INFO  CinemaSystem - editSupplier - User does not have proper permissions 
22:10:50.659 INFO  CinemaSystem - removeSupplier - The operation cannot be completed - the user is not connected to the system 
22:10:50.659 INFO  CinemaSystem - removeSupplier - The operation cannot be completed - the user is not connected to the system 
22:10:50.659 INFO  CinemaSystem - removeSupplier - User does not have proper permissions 
22:10:55.366 INFO  CinemaSystem - createDailyReport - The operation cannot be completed - the user is not connected to the system 
22:10:55.366 INFO  CinemaSystem - createDailyReport - The operation cannot be completed - the user is not connected to the system 
22:10:55.366 INFO  CinemaSystem - createDailyReport - User does not have proper permissions 
22:11:02.792 INFO  CinemaSystem - createDailyReport - The operation cannot be completed - the user is not connected to the system 
22:11:02.792 INFO  CinemaSystem - createDailyReport - The operation cannot be completed - the user is not connected to the system 
22:11:02.792 INFO  CinemaSystem - createDailyReport - User does not have proper permissions 
22:11:14.266 INFO  ServiceLayer - The registration process failed - the yuval exists on the system. 
22:11:14.271 INFO  CinemaSystem - register - The following data provided is invalid: Permission  
22:11:14.271 INFO  CinemaSystem - register - The following data provided is invalid: Permission  
22:11:14.271 INFO  CinemaSystem - register - The following data provided is invalid: Permission  
22:11:15.507 INFO  CinemaSystem - addMovieOrder - The operation cannot be completed - the user is not connected to the system 
22:11:15.512 INFO  CinemaSystem - addMovieOrder - The operation cannot be completed - the user is not connected to the system 
22:11:15.513 INFO  CinemaSystem - addMovieOrder - User does not have proper permissions 
22:11:15.525 INFO  CinemaSystem - removeOrder - The operation cannot be completed - the user is not connected to the system 
22:11:15.526 INFO  CinemaSystem - removeOrder - The operation cannot be completed - the user is not connected to the system 
22:11:15.526 INFO  CinemaSystem - removeOrder - User does not have proper permissions 
22:11:15.532 INFO  CinemaSystem - addMovieOrder - The operation cannot be completed - the user is not connected to the system 
22:11:15.532 INFO  CinemaSystem - addMovieOrder - The operation cannot be completed - the user is not connected to the system 
22:11:15.532 INFO  CinemaSystem - addMovieOrder - User does not have proper permissions 
22:11:15.533 INFO  CinemaSystem - removeOrder - The operation cannot be completed - the user is not connected to the system 
22:11:15.533 INFO  CinemaSystem - removeOrder - The operation cannot be completed - the user is not connected to the system 
22:11:15.533 INFO  CinemaSystem - removeOrder - User does not have proper permissions 
22:11:17.021 INFO  CinemaSystem - addMovie - The operation cannot be completed - the user is not connected to the system 
22:11:17.024 INFO  CinemaSystem - addMovie - The operation cannot be completed - the user is not connected to the system 
22:11:17.024 INFO  CinemaSystem - addMovie - User does not have proper permissions 
22:11:17.029 INFO  CinemaSystem - editMovie - The operation cannot be completed - the user is not connected to the system 
22:11:17.029 INFO  CinemaSystem - editMovie - The operation cannot be completed - the user is not connected to the system 
22:11:17.030 INFO  CinemaSystem - editMovie - User does not have proper permissions 
22:11:17.031 INFO  CinemaSystem - removeMovie - The operation cannot be completed - the user is not connected to the system 
22:11:17.031 INFO  CinemaSystem - removeMovie - The operation cannot be completed - the user is not connected to the system 
22:11:17.032 INFO  CinemaSystem - removeMovie - User does not have proper permissions 
22:11:17.033 INFO  CinemaSystem - addMovie - The operation cannot be completed - the user is not connected to the system 
22:11:17.033 INFO  CinemaSystem - addMovie - The operation cannot be completed - the user is not connected to the system 
22:11:17.033 INFO  CinemaSystem - addMovie - User does not have proper permissions 
22:11:17.033 INFO  CinemaSystem - editMovie - The operation cannot be completed - the user is not connected to the system 
22:11:17.033 INFO  CinemaSystem - editMovie - The operation cannot be completed - the user is not connected to the system 
22:11:17.033 INFO  CinemaSystem - editMovie - User does not have proper permissions 
22:11:17.033 INFO  CinemaSystem - removeMovie - The operation cannot be completed - the user is not connected to the system 
22:11:17.033 INFO  CinemaSystem - removeMovie - The operation cannot be completed - the user is not connected to the system 
22:11:17.034 INFO  CinemaSystem - removeMovie - User does not have proper permissions 
22:11:17.351 INFO  CinemaSystem - getReport - The operation cannot be completed - the user is not connected to the system 
22:11:17.351 INFO  CinemaSystem - getReport - The operation cannot be completed - the user is not connected to the system 
22:11:17.351 INFO  CinemaSystem - getReport - User does not have proper permissions 
22:11:19.336 INFO  ServiceLayer - The logout process failed - the yubal isn't exists on the system. 
22:11:19.342 INFO  ServiceLayer - The logout process failed - the yubal isn't exists on the system. 
22:11:19.344 INFO  User - logout - The user yuval tried to disconnect but was not connected in the first place. 
22:11:19.344 INFO  User - logout - The user yuval tried to disconnect but was not connected in the first place. 
22:11:19.349 INFO  User - logout - The user yuval tried to disconnect but was not connected in the first place. 
22:11:20.824 INFO  User - login - Incorrect user name(yubal) or password (123456)  
22:11:20.825 INFO  User - login - Incorrect user name(yuval) or password (wrongPassword)  
22:11:20.825 INFO  User - login - The yuval already connected 
22:11:20.832 INFO  User - login - Incorrect user name(yubal) or password (123456)  
22:11:20.832 INFO  User - login - Incorrect user name(yuval) or password (wrongPassword)  
22:11:20.832 INFO  User - login - The yuval already connected 
22:11:20.836 INFO  ServiceLayer - The login process failed - the yubal isn't exists on the system. 
22:11:20.842 INFO  ServiceLayer - The login process failed - the yubal isn't exists on the system. 
22:11:22.002 INFO  EmployeeManagemnt- editEmployee - The -1 already exist 
22:11:22.007 INFO  CinemaSystem - editEmployee - The operation cannot be completed - the user is not connected to the system 
22:11:22.011 INFO  ServiceLayer - editEmployee - The addNewEmployee process failed - the -1 not exists on the system. 
22:11:22.014 INFO  ServiceLayer - editEmployee - The addNewEmployee process failed - the -1 not exists on the system. 
22:11:22.015 INFO  CinemaSystem - editEmployee - The operation cannot be completed - the user is not connected to the system 
22:11:22.059 INFO  CinemaSystem - createDailyReport - The operation cannot be completed - the user is not connected to the system 
22:11:22.059 INFO  CinemaSystem - createDailyReport - The operation cannot be completed - the user is not connected to the system 
22:11:22.059 INFO  CinemaSystem - createDailyReport - User does not have proper permissions 
22:11:23.177 INFO  CinemaSystem - deleteEmployee - A user cannot erase himself 
22:11:23.179 INFO  CinemaSystem - deleteEmployee - User does not have proper permissions 
22:11:23.185 INFO  ServiceLayer - deleteEmployee - The deleteEmployee process failed - the dummy not exists on the system. 
22:11:23.185 INFO  ServiceLayer - The deleteEmployee process failed - the dummy , who initiated the operation, does not exist in the system 
22:11:23.187 INFO  EmployeeManagemnt- deleteEmployee - The -1 does not exist 
22:11:23.190 INFO  ServiceLayer - deleteEmployee - The deleteEmployee process failed - the dummy not exists on the system. 
22:11:23.190 INFO  ServiceLayer - The deleteEmployee process failed - the dummy , who initiated the operation, does not exist in the system 
22:11:23.195 INFO  CinemaSystem - deleteEmployee - A user cannot erase himself 
22:11:23.195 INFO  CinemaSystem - deleteEmployee - User does not have proper permissions 
22:11:24.208 INFO  CinemaSystem - removeCategory - The operation cannot be completed - the user is not connected to the system 
22:11:24.214 INFO  CinemaSystem - editCategory - The operation cannot be completed - the user is not connected to the system 
22:11:24.216 INFO  ServiceLayer- editCategory - The category doesn't exist 
22:11:24.216 INFO  ServiceLayer- editCategory - The user performing the operation does not exist in the system 
22:11:24.216 INFO  ServiceLayer- editCategory - The parent dummy does not exist 
22:11:24.218 INFO  ServiceLayer- addCategory - The user performing the operation does not exist in the system 
22:11:24.218 INFO  ServiceLayer- addCategory - The parent dummy does not exist 
22:11:24.221 INFO  InventoryManagemnt - addCategory - The parent category 0 doesn't exist 
22:11:24.221 INFO  InventoryManagemnt - addCategory - The Category 0 already exist 
22:11:24.222 INFO  InventoryManagemnt - editCategory - The parent category -3 doesn't exist 
22:11:24.222 INFO  InventoryManagemnt - editCategory - The Category -3 doesn't exist 
22:11:24.224 INFO  ServiceLayer- addCategory - The user performing the operation does not exist in the system 
22:11:24.224 INFO  ServiceLayer- addCategory - The parent Dairy does not exist 
22:11:24.225 INFO  ServiceLayer- editCategory - The category doesn't exist 
22:11:24.225 INFO  ServiceLayer- editCategory - The user performing the operation does not exist in the system 
22:11:24.225 INFO  ServiceLayer- editCategory - The parent dummy does not exist 
22:11:24.227 INFO  CinemaSystem - editCategory - The operation cannot be completed - the user is not connected to the system 
22:11:24.228 INFO  InventoryManagemnt - removeCategory - The Category -3 doesn't exist 
22:11:24.229 INFO  CinemaSystem - addCategory - The operation cannot be completed - the user is not connected to the system 
22:11:24.231 INFO  CinemaSystem - removeCategory - The operation cannot be completed - the user is not connected to the system 
22:11:24.232 INFO  ServiceLayer- editCategory - The category doesn't exist 
22:11:24.232 INFO  ServiceLayer- editCategory - The user performing the operation does not exist in the system 
22:11:24.233 INFO  CinemaSystem - addCategory - The operation cannot be completed - the user is not connected to the system 
22:11:24.235 INFO  ServiceLayer- editCategory - The category doesn't exist 
22:11:24.235 INFO  ServiceLayer- editCategory - The user performing the operation does not exist in the system 
22:11:25.518 INFO  CinemaSystem - addCafeteriaProduct - The operation cannot be completed - the user is not connected to the system 
22:11:25.518 INFO  CinemaSystem - addCafeteriaProduct - User does not have proper permissions 
22:11:25.527 INFO  CinemaSystem - editCafeteriaProduct - The operation cannot be completed - the user is not connected to the system 
22:11:25.527 INFO  CinemaSystem - editCafeteriaProduct - User does not have proper permissions 
22:11:25.530 INFO  CinemaSystem - removeCafeteriaProduct - The operation cannot be completed - the user is not connected to the system 
22:11:25.530 INFO  CinemaSystem - removeCafeteriaProduct - User does not have proper permissions 
22:11:25.536 INFO  CinemaSystem - removeCafeteriaProduct - The operation cannot be completed - the user is not connected to the system 
22:11:25.536 INFO  CinemaSystem - removeCafeteriaProduct - User does not have proper permissions 
22:11:25.538 INFO  ServiceLayer- addNewProduct - dummy 
22:11:25.548 INFO  CinemaSystem - addCafeteriaProduct - The operation cannot be completed - the user is not connected to the system 
22:11:25.548 INFO  CinemaSystem - addCafeteriaProduct - User does not have proper permissions 
22:11:25.550 INFO  ServiceLayer- removeProduct - dummy 
22:11:25.554 INFO  CinemaSystem - editCafeteriaProduct - The operation cannot be completed - the user is not connected to the system 
22:11:25.554 INFO  CinemaSystem - editCafeteriaProduct - User does not have proper permissions 
22:11:27.096 INFO  CinemaSystem - addCafeteriaOrder - The operation cannot be completed - the user is not connected to the system 
22:11:27.100 INFO  CinemaSystem - addCafeteriaOrder - The operation cannot be completed - the user is not connected to the system 
22:11:27.100 INFO  CinemaSystem - addCafeteriaOrder - User does not have proper permissions 
22:11:27.109 INFO  CinemaSystem - addCafeteriaOrder - The operation cannot be completed - the user is not connected to the system 
22:11:27.110 INFO  CinemaSystem - addCafeteriaOrder - The operation cannot be completed - the user is not connected to the system 
22:11:27.110 INFO  CinemaSystem - addCafeteriaOrder - User does not have proper permissions 
22:11:29.236 INFO  CinemaSystem - register - The following data provided is invalid: Permission  
22:11:29.237 INFO  ServiceLayer - The addNewEmployee process failed - the dummy , who initiated the operation, does not exist in the system 
22:11:29.238 INFO  ServiceLayer - The addNewEmployee process failed - the userUserName exists on the system. 
22:11:29.246 INFO  CinemaSystem - addNewEmployee - The operation cannot be completed - the user is not connected to the system 
22:11:29.251 INFO  ServiceLayer - The addNewEmployee process failed - the dummy , who initiated the operation, does not exist in the system 
22:11:29.252 INFO  ServiceLayer - The addNewEmployee process failed - the userUserName exists on the system. 
22:11:29.256 INFO  EmployeeManagemnt- addNewEmployee - The adminUserName already exist 
22:11:29.257 INFO  CinemaSystem - addNewEmployee - The operation cannot be completed - the user is not connected to the system 
22:11:31.105 INFO  CinemaSystem - getReport - The operation cannot be completed - the user is not connected to the system 
22:11:31.105 INFO  CinemaSystem - getReport - The operation cannot be completed - the user is not connected to the system 
22:11:31.105 INFO  CinemaSystem - getReport - User does not have proper permissions 
18:01:14.503 INFO  InventoryManagemnt - editSupplier - The supplier 0 set to the Supplier dictionary 
19:39:29.437 INFO  User - login - The admin already connected 
20:03:06.663 INFO  ServiceLayer- removeMovie - Movie Name is not valid 
20:03:08.151 INFO  ServiceLayer- editMovie - Movie Name is not valid 
20:03:09.610 INFO  ServiceLayer- removeMovie - Movie Name is not valid 
20:04:08.055 INFO  ServiceLayer- removeMovie - Movie Name is not valid 
20:04:09.549 INFO  ServiceLayer- editMovie - Movie Name is not valid 
20:04:11.042 INFO  ServiceLayer- removeMovie - Movie Name is not valid 
14:21:04.322 INFO  ServiceLayer- getReport - Type is not valid 
14:21:25.474 INFO  ServiceLayer- getReport - Type is not valid 
14:28:13.139 INFO  ServiceLayer- addCafeteriaOrder - Supplier Name is not valid 
14:28:33.222 INFO  CinemaSystem - addNewEmployee - The following data provided is invalid: User name , Password , Permission  
14:28:43.815 INFO  CinemaSystem - addNewEmployee - The following data provided is invalid: User name , Password  
14:28:50.960 INFO  ServiceLayer - The addNewEmployee process failed - the admin exists on the system. 
14:43:45.912 INFO  InventoryManagemnt - editSupplier - The supplier 0 set to the Supplier dictionary 
19:46:41.891 INFO  InventoryManagemnt - editSupplier - The supplier 0 set to the Supplier dictionary 
20:18:57.344 INFO  ServiceLayer - The logout process failed - the null isn't exists on the system. 
20:19:29.792 INFO  ServiceLayer - The logout process failed - the null isn't exists on the system. 
20:20:30.754 INFO  ServiceLayer- addNewSupplier - Supplier Name is not valid 
20:20:41.211 INFO  ServiceLayer - The logout process failed - the null isn't exists on the system. 
20:35:02.558 INFO  InventoryManagemnt - editSupplier - The supplier 0 set to the Supplier dictionary 
20:35:43.464 INFO  InventoryManagemnt - editSupplier - The supplier 0 set to the Supplier dictionary 
20:35:56.132 INFO  ServiceLayer - The logout process failed - the null isn't exists on the system. 
20:36:10.538 INFO  User - login - The admin already connected 
20:36:46.524 INFO  InventoryManagemnt - editSupplier - The supplier 0 set to the Supplier dictionary 
20:37:12.382 INFO  ServiceLayer - The logout process failed - the null isn't exists on the system. 
20:37:39.074 INFO  User - login - The admin already connected 
20:39:19.425 INFO  ServiceLayer - The editEmployee process failed - the null , who initiated the operation, does not exist in the system 
20:39:25.608 INFO  ServiceLayer - The deleteEmployee process failed - the null , who initiated the operation, does not exist in the system 
20:39:31.316 INFO  ServiceLayer - The logout process failed - the null isn't exists on the system. 
20:39:54.647 INFO  User - login - The admin already connected 
20:40:37.975 INFO  User - login - The admin already connected 
11:15:05.397 INFO  ServiceLayer- addMovie - The category categoryTest does not exist 
11:15:27.118 INFO  ServiceLayer- addMovie - The category categoryTest does not exist 
11:15:27.156 INFO  ServiceLayer- addMovie - The movie movieTest already exists 
11:18:33.470 INFO  ServiceLayer- addMovieOrder - The supplier supplierTest does not exist 
11:18:33.487 INFO  InventoryManagemnt - editSupplier - The supplier 0 set to the Supplier dictionary 
11:18:33.487 INFO  ServiceLayer- addMovieOrder - The movie movieTest does not exist 
11:18:33.487 INFO  ServiceLayer- addMovie - The category categoryTest does not exist 
11:18:33.487 INFO  ServiceLayer- addMovieOrder - The movie movieTest does not exist 
11:19:18.573 INFO  ServiceLayer- addMovieOrder - The supplier supplierTest does not exist 
11:19:18.599 INFO  InventoryManagemnt - editSupplier - The supplier 0 set to the Supplier dictionary 
11:19:18.599 INFO  ServiceLayer- addMovieOrder - The movie movieTest does not exist 
11:19:18.599 INFO  ServiceLayer- addMovie - The category categoryTest does not exist 
11:19:29.308 INFO  ServiceLayer- addMovieOrder - The movie movieTest does not exist 
11:20:10.057 INFO  ServiceLayer- addMovieOrder - The supplier supplierTest does not exist 
11:20:10.073 INFO  InventoryManagemnt - editSupplier - The supplier 0 set to the Supplier dictionary 
11:20:10.073 INFO  ServiceLayer- addMovieOrder - The movie movieTest does not exist 
11:39:09.941 INFO  ServiceLayer- addMovieOrder - The supplier supplierTest does not exist 
11:39:09.984 INFO  InventoryManagemnt - editSupplier - The supplier 0 set to the Supplier dictionary 
11:39:09.984 INFO  ServiceLayer- addMovieOrder - The movie movieTest does not exist 
11:39:10.087 INFO  CinemaSystem - addMovieOrder - Cannot add order - creator employee id 0 is not exist 
11:39:10.116 INFO  CinemaSystem - addMovieOrder - The operation cannot be completed - the user is not connected to the system 
11:40:02.819 INFO  ServiceLayer- addMovieOrder - The supplier supplierTest does not exist 
11:40:02.833 INFO  InventoryManagemnt - editSupplier - The supplier 0 set to the Supplier dictionary 
11:40:02.833 INFO  ServiceLayer- addMovieOrder - The movie movieTest does not exist 
11:40:02.865 INFO  CinemaSystem - addMovieOrder - Cannot add order - creator employee id 0 is not exist 
11:40:18.431 INFO  ServiceLayer- addMovieOrder - The supplier supplierTest does not exist 
11:40:18.448 INFO  InventoryManagemnt - editSupplier - The supplier 0 set to the Supplier dictionary 
11:40:18.448 INFO  ServiceLayer- addMovieOrder - The movie movieTest does not exist 
11:40:18.478 INFO  CinemaSystem - addMovieOrder - Cannot add order - creator employee id 0 is not exist 
11:40:53.927 INFO  ServiceLayer- addMovieOrder - The supplier supplierTest does not exist 
11:40:53.958 INFO  InventoryManagemnt - editSupplier - The supplier 0 set to the Supplier dictionary 
11:40:53.958 INFO  ServiceLayer- addMovieOrder - The movie movieTest does not exist 
11:41:23.216 INFO  CinemaSystem - addMovieOrder - Cannot add order - creator employee id 0 is not exist 
11:41:50.886 INFO  ServiceLayer- editMovie - The movie movieTest does not exist 
11:41:53.881 INFO  CinemaSystem - removeMovie - The operation cannot be completed - the user is not connected to the system 
11:41:53.883 INFO  ServiceLayer- addCategory - The category already exist 
11:41:53.902 INFO  ServiceLayer- addMovie - The movie movieTest already exists 
11:41:53.902 INFO  CinemaSystem - removeMovie - The operation cannot be completed - the user is not connected to the system 
11:41:56.725 INFO  ServiceLayer- addMovieOrder - The supplier supplierTest does not exist 
11:41:56.725 INFO  CinemaSystem - addNewSupplier - The operation cannot be completed - the user is not connected to the system 
11:41:56.725 INFO  ServiceLayer- addMovieOrder - The supplier supplierTest does not exist 
11:41:56.726 INFO  ServiceLayer- addCategory - The category already exist 
11:41:56.726 INFO  ServiceLayer- addMovie - The movie movieTest already exists 
11:41:56.726 INFO  ServiceLayer- addMovieOrder - The supplier supplierTest does not exist 
11:41:56.727 INFO  ServiceLayer - The login process failed - the username isn't exists on the system. 
11:41:56.727 INFO  ServiceLayer- addMovieOrder - The supplier supplierTest does not exist 
11:41:56.727 INFO  CinemaSystem - addNewEmployee - The operation cannot be completed - the user is not connected to the system 
11:42:38.543 INFO  ServiceLayer- addMovieOrder - The supplier supplierTest does not exist 
11:42:38.563 INFO  InventoryManagemnt - editSupplier - The supplier 0 set to the Supplier dictionary 
11:42:38.563 INFO  ServiceLayer- addMovieOrder - The movie movieTest does not exist 
11:42:38.595 INFO  CinemaSystem - addMovieOrder - Cannot add order - creator employee id 0 is not exist 
11:42:48.777 INFO  ServiceLayer- addMovieOrder - The supplier supplierTest does not exist 
11:42:48.800 INFO  InventoryManagemnt - editSupplier - The supplier 0 set to the Supplier dictionary 
11:42:48.800 INFO  ServiceLayer- addMovieOrder - The movie movieTest does not exist 
11:42:48.839 INFO  CinemaSystem - addMovieOrder - Cannot add order - creator employee id 0 is not exist 
11:44:39.593 INFO  ServiceLayer- addMovieOrder - The supplier supplierTest does not exist 
11:44:39.615 INFO  InventoryManagemnt - editSupplier - The supplier 0 set to the Supplier dictionary 
11:44:39.616 INFO  ServiceLayer- addMovieOrder - The movie movieTest does not exist 
11:44:39.645 INFO  CinemaSystem - addMovieOrder - Cannot add order - creator employee id 0 is not exist 
11:44:44.970 INFO  ServiceLayer- addMovieOrder - The supplier supplierTest does not exist 
11:44:44.993 INFO  InventoryManagemnt - editSupplier - The supplier 0 set to the Supplier dictionary 
11:44:44.993 INFO  ServiceLayer- addMovieOrder - The movie movieTest does not exist 
11:44:45.032 INFO  CinemaSystem - addMovieOrder - Cannot add order - creator employee id 0 is not exist 
11:46:28.399 INFO  ServiceLayer- addMovieOrder - The supplier supplierTest does not exist 
11:46:28.416 INFO  InventoryManagemnt - editSupplier - The supplier 0 set to the Supplier dictionary 
11:46:28.416 INFO  ServiceLayer- addMovieOrder - The movie movieTest does not exist 
11:46:28.443 INFO  CinemaSystem - addMovieOrder - Cannot add order - creator employee id 0 is not exist 
11:47:35.028 INFO  ServiceLayer- addMovieOrder - The supplier supplierTest does not exist 
11:47:35.044 INFO  InventoryManagemnt - editSupplier - The supplier 0 set to the Supplier dictionary 
11:47:35.044 INFO  ServiceLayer- addMovieOrder - The movie movieTest does not exist 
11:47:35.072 INFO  CinemaSystem - addMovieOrder - Cannot add order - creator employee id 0 is not exist 
11:47:48.006 INFO  ServiceLayer- addMovieOrder - The supplier supplierTest does not exist 
11:47:48.022 INFO  InventoryManagemnt - editSupplier - The supplier 0 set to the Supplier dictionary 
11:47:48.022 INFO  ServiceLayer- addMovieOrder - The movie movieTest does not exist 
11:47:48.052 INFO  CinemaSystem - addMovieOrder - Cannot add order - creator employee id 0 is not exist 
11:48:41.741 INFO  ServiceLayer- addMovieOrder - The supplier supplierTest does not exist 
11:48:41.757 INFO  InventoryManagemnt - editSupplier - The supplier 0 set to the Supplier dictionary 
11:48:41.757 INFO  ServiceLayer- addMovieOrder - The movie movieTest does not exist 
11:48:41.786 INFO  CinemaSystem - addMovieOrder - Cannot add order - creator employee id 0 is not exist 
11:49:18.480 INFO  ServiceLayer- addMovieOrder - The supplier supplierTest does not exist 
11:49:18.494 INFO  InventoryManagemnt - editSupplier - The supplier 0 set to the Supplier dictionary 
11:49:18.494 INFO  ServiceLayer- addMovieOrder - The movie movieTest does not exist 
11:49:18.528 INFO  CinemaSystem - addMovieOrder - Cannot add order - creator employee id 0 is not exist 
11:49:38.429 INFO  ServiceLayer- addMovieOrder - The supplier supplierTest does not exist 
11:49:38.446 INFO  InventoryManagemnt - editSupplier - The supplier 0 set to the Supplier dictionary 
11:49:38.446 INFO  ServiceLayer- addMovieOrder - The movie movieTest does not exist 
11:49:38.487 INFO  CinemaSystem - addMovieOrder - Cannot add order - creator employee id 0 is not exist 
11:49:38.536 INFO  ServiceLayer- addMovieOrder - The order orderTest already exists 
11:50:15.923 INFO  ServiceLayer- addMovieOrder - The supplier supplierTest does not exist 
11:50:15.937 INFO  InventoryManagemnt - editSupplier - The supplier 0 set to the Supplier dictionary 
11:50:15.937 INFO  ServiceLayer- addMovieOrder - The movie movieTest does not exist 
11:50:15.971 INFO  CinemaSystem - addMovieOrder - Cannot add order - creator employee id 0 is not exist 
11:50:16.011 INFO  ServiceLayer- addMovieOrder - The order orderTest already exists 
11:51:35.966 INFO  ServiceLayer- addMovieOrder - The supplier supplierTest does not exist 
11:51:35.983 INFO  InventoryManagemnt - editSupplier - The supplier 0 set to the Supplier dictionary 
11:51:35.983 INFO  ServiceLayer- addMovieOrder - The movie movieTest does not exist 
11:51:36.013 INFO  CinemaSystem - addMovieOrder - Cannot add order - creator employee id 0 is not exist 
11:51:36.055 INFO  ServiceLayer- addMovieOrder - The order orderTest already exists 
11:57:18.362 INFO  ServiceLayer- addCafeteriaOrder - The supplier supplierTest does not exist 
11:57:18.376 INFO  InventoryManagemnt - editSupplier - The supplier 0 set to the Supplier dictionary 
11:58:03.155 INFO  ServiceLayer- addCafeteriaOrder - The supplier supplierTest does not exist 
11:58:03.169 INFO  InventoryManagemnt - editSupplier - The supplier 0 set to the Supplier dictionary 
11:58:03.169 INFO  ServiceLayer- addCafeteriaOrder - The product productTest does not exist 
11:58:26.727 INFO  ServiceLayer- addCafeteriaOrder - The supplier supplierTest does not exist 
11:58:26.766 INFO  InventoryManagemnt - editSupplier - The supplier 0 set to the Supplier dictionary 
11:58:26.766 INFO  ServiceLayer- addCafeteriaOrder - The product productTest does not exist 
11:58:53.042 INFO  ServiceLayer- addCafeteriaOrder - The supplier supplierTest does not exist 
11:58:53.058 INFO  InventoryManagemnt - editSupplier - The supplier 0 set to the Supplier dictionary 
11:58:53.058 INFO  ServiceLayer- addCafeteriaOrder - The product productTest does not exist 
11:58:53.087 INFO  CinemaSystem - addCafeteriaOrder - Cannot add order - creator employee id 0 is not exist 
11:58:53.128 INFO  ServiceLayer- addCafeteriaOrder - The order orderTest already exists 
12:09:09.041 INFO  ServiceLayer- removeOrder - The order movieOrderTest does not exist 
12:09:09.042 INFO  ServiceLayer- removeOrder - The order productOrderTest does not exist 
12:09:09.056 INFO  InventoryManagemnt - editSupplier - The supplier 0 set to the Supplier dictionary 
12:09:44.622 INFO  ServiceLayer- removeOrder - The order movieOrderTest does not exist 
12:09:44.622 INFO  ServiceLayer- removeOrder - The order productOrderTest does not exist 
12:09:44.639 INFO  InventoryManagemnt - editSupplier - The supplier 0 set to the Supplier dictionary 
12:10:21.982 INFO  ServiceLayer- removeOrder - The order movieOrderTest does not exist 
12:10:21.982 INFO  ServiceLayer- removeOrder - The order productOrderTest does not exist 
12:10:22.008 INFO  InventoryManagemnt - editSupplier - The supplier 0 set to the Supplier dictionary 
12:10:22.178 INFO  ServiceLayer- removeMovie - The movie productOrderTest does not exist 
12:12:41.692 INFO  ServiceLayer- removeOrder - The order movieOrderTest does not exist 
12:12:41.693 INFO  ServiceLayer- removeOrder - The order productOrderTest does not exist 
12:12:41.709 INFO  InventoryManagemnt - editSupplier - The supplier 0 set to the Supplier dictionary 
12:12:42.281 INFO  ServiceLayer- removeMovie - The movie productOrderTest does not exist 
12:13:03.982 INFO  ServiceLayer- removeOrder - The order movieOrderTest does not exist 
12:13:03.983 INFO  ServiceLayer- removeOrder - The order productOrderTest does not exist 
12:13:04.039 INFO  InventoryManagemnt - editSupplier - The supplier 0 set to the Supplier dictionary 
12:13:04.247 INFO  ServiceLayer- removeMovie - The movie productOrderTest does not exist 
12:15:22.844 INFO  ServiceLayer- removeOrder - The order movieOrderTest does not exist 
12:15:22.845 INFO  ServiceLayer- removeOrder - The order productOrderTest does not exist 
12:15:22.860 INFO  InventoryManagemnt - editSupplier - The supplier 0 set to the Supplier dictionary 
12:16:02.778 INFO  ServiceLayer- removeOrder - The order movieOrderTest does not exist 
12:16:02.779 INFO  ServiceLayer- removeOrder - The order productOrderTest does not exist 
12:16:02.797 INFO  InventoryManagemnt - editSupplier - The supplier 0 set to the Supplier dictionary 
12:18:36.821 INFO  ServiceLayer- removeOrder - The order movieOrderTest does not exist 
12:18:36.822 INFO  ServiceLayer- removeOrder - The order productOrderTest does not exist 
12:18:36.843 INFO  InventoryManagemnt - editSupplier - The supplier 0 set to the Supplier dictionary 
12:20:23.850 INFO  ServiceLayer- removeOrder - The order movieOrderTest does not exist 
12:20:23.851 INFO  ServiceLayer- removeOrder - The order productOrderTest does not exist 
12:20:23.873 INFO  InventoryManagemnt - editSupplier - The supplier 0 set to the Supplier dictionary 
12:21:18.021 INFO  ServiceLayer- removeOrder - The order movieOrderTest does not exist 
12:21:18.022 INFO  ServiceLayer- removeOrder - The order productOrderTest does not exist 
12:21:18.048 INFO  InventoryManagemnt - editSupplier - The supplier 0 set to the Supplier dictionary 
12:22:21.409 INFO  ServiceLayer- removeOrder - The order movieOrderTest does not exist 
12:22:21.410 INFO  ServiceLayer- removeOrder - The order productOrderTest does not exist 
12:22:21.539 INFO  InventoryManagemnt - editSupplier - The supplier 0 set to the Supplier dictionary 
12:23:58.149 INFO  ServiceLayer- removeOrder - The order movieOrderTest does not exist 
12:23:58.150 INFO  ServiceLayer- removeOrder - The order productOrderTest does not exist 
12:23:58.352 INFO  InventoryManagemnt - editSupplier - The supplier 0 set to the Supplier dictionary 
12:24:24.758 INFO  ServiceLayer- removeOrder - The order movieOrderTest does not exist 
12:24:24.758 INFO  ServiceLayer- removeOrder - The order productOrderTest does not exist 
12:24:24.772 INFO  InventoryManagemnt - editSupplier - The supplier 0 set to the Supplier dictionary 
12:24:24.931 INFO  InventoryManagemnt - removeOrder - The order 0 does not exist 
12:24:24.932 INFO  ServiceLayer- removeMovie - The movie productOrderTest does not exist 
12:25:23.988 INFO  ServiceLayer- removeOrder - The order movieOrderTest does not exist 
12:25:23.989 INFO  ServiceLayer- removeOrder - The order productOrderTest does not exist 
12:25:24.005 INFO  InventoryManagemnt - editSupplier - The supplier 0 set to the Supplier dictionary 
12:25:24.174 INFO  InventoryManagemnt - removeOrder - The order 0 does not exist 
12:25:24.175 INFO  InventoryManagemnt - removeOrder - The order 1 does not exist 
12:26:25.135 INFO  ServiceLayer- removeOrder - The order movieOrderTest does not exist 
12:26:25.136 INFO  ServiceLayer- removeOrder - The order productOrderTest does not exist 
12:26:25.149 INFO  InventoryManagemnt - editSupplier - The supplier 0 set to the Supplier dictionary 
12:26:25.774 INFO  ServiceLayer- removeOrder - The order movieOrderTest does not exist 
12:26:25.774 INFO  ServiceLayer- removeOrder - The order productOrderTest does not exist 
12:27:37.982 INFO  ServiceLayer- removeOrder - The order movieOrderTest does not exist 
12:27:37.983 INFO  ServiceLayer- removeOrder - The order productOrderTest does not exist 
12:27:37.999 INFO  InventoryManagemnt - editSupplier - The supplier 0 set to the Supplier dictionary 
12:27:38.158 INFO  ServiceLayer- removeOrder - The order movieOrderTest does not exist 
12:27:38.158 INFO  ServiceLayer- removeOrder - The order productOrderTest does not exist 
12:30:29.256 INFO  ServiceLayer- removeOrder - The order movieOrderTest does not exist 
12:30:29.257 INFO  ServiceLayer- removeOrder - The order productOrderTest does not exist 
12:30:29.272 INFO  InventoryManagemnt - editSupplier - The supplier 0 set to the Supplier dictionary 
12:30:50.156 INFO  ServiceLayer- removeOrder - The order movieOrderTest does not exist 
12:30:50.157 INFO  ServiceLayer- removeOrder - The order productOrderTest does not exist 
12:30:50.171 INFO  InventoryManagemnt - editSupplier - The supplier 0 set to the Supplier dictionary 
12:30:50.330 INFO  ServiceLayer- removeOrder - The order movieOrderTest does not exist 
12:30:50.330 INFO  ServiceLayer- removeOrder - The order productOrderTest does not exist 
12:40:15.427 INFO  ServiceLayer- addCafeteriaOrder - The supplier supplierTest does not exist 
12:40:15.444 INFO  InventoryManagemnt - editSupplier - The supplier 0 set to the Supplier dictionary 
12:40:15.444 INFO  ServiceLayer- addCafeteriaOrder - The product productTest does not exist 
12:40:15.479 INFO  CinemaSystem - addCafeteriaOrder - Cannot add order - creator employee id 0 is not exist 
12:40:15.532 INFO  ServiceLayer- addCafeteriaOrder - The order orderTest already exists 
12:40:19.235 INFO  ServiceLayer- removeOrder - The order movieOrderTest does not exist 
12:40:19.236 INFO  CinemaSystem - addMovie - The operation cannot be completed - the user is not connected to the system 
12:40:19.236 INFO  User - login - The username already connected 
12:40:19.235 INFO  ServiceLayer- removeOrder - The order productOrderTest does not exist 
12:40:19.236 INFO  ServiceLayer- addNewSupplier - The supplier supplierTest already exists 
12:40:19.236 INFO  ServiceLayer- addCategory - The category already exist 
12:40:19.236 INFO  ServiceLayer - The addNewEmployee process failed - the username exists on the system. 
12:40:19.236 INFO  ServiceLayer- addMovieOrder - The movie movieTest does not exist 
12:40:19.250 INFO  ServiceLayer- removeOrder - The order movieOrderTest does not exist 
12:40:19.251 INFO  ServiceLayer- removeOrder - The order productOrderTest does not exist 
12:40:19.265 INFO  ServiceLayer- removeOrder - The order movieOrderTest does not exist 
12:40:19.265 INFO  ServiceLayer- removeOrder - The order productOrderTest does not exist 
12:40:22.743 INFO  ServiceLayer- addMovieOrder - The order orderTest already exists 
12:40:22.744 INFO  CinemaSystem - addMovie - The operation cannot be completed - the user is not connected to the system 
12:40:22.744 INFO  User - login - The username already connected 
12:40:22.744 INFO  ServiceLayer- addNewSupplier - The supplier supplierTest already exists 
12:40:22.744 INFO  ServiceLayer- addMovieOrder - The order orderTest already exists 
12:40:22.744 INFO  ServiceLayer- addCategory - The category already exist 
12:40:22.744 INFO  ServiceLayer- addMovieOrder - The order orderTest already exists 
12:40:22.744 INFO  ServiceLayer - The addNewEmployee process failed - the username exists on the system. 
12:40:22.744 INFO  ServiceLayer- addMovieOrder - The order orderTest already exists 
12:40:28.362 INFO  ServiceLayer- addMovieOrder - The supplier supplierTest does not exist 
12:40:28.375 INFO  InventoryManagemnt - editSupplier - The supplier 0 set to the Supplier dictionary 
12:40:28.375 INFO  ServiceLayer- addMovieOrder - The movie movieTest does not exist 
12:40:28.403 INFO  CinemaSystem - addMovieOrder - Cannot add order - creator employee id 0 is not exist 
12:40:28.448 INFO  ServiceLayer- addMovieOrder - The order orderTest already exists 
12:41:37.639 INFO  ServiceLayer- addMovieOrder - The supplier supplierTest does not exist 
12:41:37.662 INFO  InventoryManagemnt - editSupplier - The supplier 0 set to the Supplier dictionary 
12:41:37.662 INFO  ServiceLayer- addMovieOrder - The movie movieTest does not exist 
12:41:37.835 INFO  CinemaSystem - addMovieOrder - Cannot add order - creator employee id 0 is not exist 
12:41:49.193 INFO  ServiceLayer- addMovieOrder - The order orderTest already exists 
12:43:35.607 INFO  ServiceLayer- addMovieOrder - The supplier supplierTest does not exist 
12:43:35.620 INFO  InventoryManagemnt - editSupplier - The supplier 0 set to the Supplier dictionary 
12:43:35.620 INFO  ServiceLayer- addMovieOrder - The movie movieTest does not exist 
12:43:35.650 INFO  CinemaSystem - addMovieOrder - Cannot add order - creator employee id 0 is not exist 
12:43:35.697 INFO  ServiceLayer- addMovieOrder - The order orderTest already exists 
12:43:40.637 INFO  ServiceLayer- removeOrder - The order movieOrderTest does not exist 
12:43:40.637 INFO  ServiceLayer- removeOrder - The order productOrderTest does not exist 
12:43:40.652 INFO  InventoryManagemnt - editSupplier - The supplier 0 set to the Supplier dictionary 
12:43:41.014 INFO  ServiceLayer- removeOrder - The order movieOrderTest does not exist 
12:43:41.014 INFO  ServiceLayer- removeOrder - The order productOrderTest does not exist 
12:43:46.595 INFO  ServiceLayer- addCafeteriaOrder - The supplier supplierTest does not exist 
12:43:46.613 INFO  InventoryManagemnt - editSupplier - The supplier 0 set to the Supplier dictionary 
12:43:46.613 INFO  ServiceLayer- addCafeteriaOrder - The product productTest does not exist 
12:43:46.641 INFO  CinemaSystem - addCafeteriaOrder - Cannot add order - creator employee id 0 is not exist 
12:43:46.686 INFO  ServiceLayer- addCafeteriaOrder - The order orderTest already exists 
